This is pdfTeX, Version 3.1415926-1.40.11 (MiKTeX 2.9) (preloaded format=pdflatex 2013.5.3)  10 NOV 2013 21:35
entering extended mode
**C:/Users/Aimee/ECA/Labreport/Report_ECA.tex
(C:/Users/Aimee/ECA/Labreport/Report_ECA.tex
LaTeX2e <2009/09/24>
Babel <v3.8l> and hyphenation patterns for english, afrikaans, ancientgreek, ar
abic, armenian, assamese, basque, bengali, bokmal, bulgarian, catalan, coptic, 
croatian, czech, danish, dutch, esperanto, estonian, farsi, finnish, french, ga
lician, german, german-x-2009-06-19, greek, gujarati, hindi, hungarian, iceland
ic, indonesian, interlingua, irish, italian, kannada, kurmanji, lao, latin, lat
vian, lithuanian, malayalam, marathi, mongolian, mongolianlmc, monogreek, ngerm
an, ngerman-x-2009-06-19, nynorsk, oriya, panjabi, pinyin, polish, portuguese, 
romanian, russian, sanskrit, serbian, slovak, slovenian, spanish, swedish, swis
sgerman, tamil, telugu, turkish, turkmen, ukenglish, ukrainian, uppersorbian, u
senglishmax, welsh, loaded.
("C:\Program Files (x86)\MiKTeX 2.9\tex\latex\base\article.cls"
Document Class: article 2007/10/19 v1.4h Standard LaTeX document class
("C:\Program Files (x86)\MiKTeX 2.9\tex\latex\base\size10.clo"
File: size10.clo 2007/10/19 v1.4h Standard LaTeX file (size option)
)
\c@part=\count79
\c@section=\count80
\c@subsection=\count81
\c@subsubsection=\count82
\c@paragraph=\count83
\c@subparagraph=\count84
\c@figure=\count85
\c@table=\count86
\abovecaptionskip=\skip41
\belowcaptionskip=\skip42
\bibindent=\dimen102
)
(C:\Users\Aimee\ECA\Labreport\mhchem.sty
Package: mhchem 2013/06/17 v3.12 for typesetting chemical formulae

("C:\Program Files (x86)\MiKTeX 2.9\tex\latex\base\ifthen.sty"
Package: ifthen 2001/05/26 v1.1c Standard LaTeX ifthen package (DPC)
)
("C:\Program Files (x86)\MiKTeX 2.9\tex\latex\tools\calc.sty"
Package: calc 2007/08/22 v4.3 Infix arithmetic (KKT,FJ)
\calc@Acount=\count87
\calc@Bcount=\count88
\calc@Adimen=\dimen103
\calc@Bdimen=\dimen104
\calc@Askip=\skip43
\calc@Bskip=\skip44
LaTeX Info: Redefining \setlength on input line 76.
LaTeX Info: Redefining \addtolength on input line 77.
\calc@Ccount=\count89
\calc@Cskip=\skip45
)
("C:\Program Files (x86)\MiKTeX 2.9\tex\latex\oberdiek\twoopt.sty"
Package: twoopt 2008/08/11 v1.5 Definitions with two optional arguments (HO)
)
("C:\Program Files (x86)\MiKTeX 2.9\tex\latex\ams\math\amsmath.sty"
Package: amsmath 2000/07/18 v2.13 AMS math features
\@mathmargin=\skip46

For additional information on amsmath, use the `?' option.
("C:\Program Files (x86)\MiKTeX 2.9\tex\latex\ams\math\amstext.sty"
Package: amstext 2000/06/29 v2.01

("C:\Program Files (x86)\MiKTeX 2.9\tex\latex\ams\math\amsgen.sty"
File: amsgen.sty 1999/11/30 v2.0
\@emptytoks=\toks14
\ex@=\dimen105
))
("C:\Program Files (x86)\MiKTeX 2.9\tex\latex\ams\math\amsbsy.sty"
Package: amsbsy 1999/11/29 v1.2d
\pmbraise@=\dimen106
)
("C:\Program Files (x86)\MiKTeX 2.9\tex\latex\ams\math\amsopn.sty"
Package: amsopn 1999/12/14 v2.01 operator names
)
\inf@bad=\count90
LaTeX Info: Redefining \frac on input line 211.
\uproot@=\count91
\leftroot@=\count92
LaTeX Info: Redefining \overline on input line 307.
\classnum@=\count93
\DOTSCASE@=\count94
LaTeX Info: Redefining \ldots on input line 379.
LaTeX Info: Redefining \dots on input line 382.
LaTeX Info: Redefining \cdots on input line 467.
\Mathstrutbox@=\box26
\strutbox@=\box27
\big@size=\dimen107
LaTeX Font Info:    Redeclaring font encoding OML on input line 567.
LaTeX Font Info:    Redeclaring font encoding OMS on input line 568.
\macc@depth=\count95
\c@MaxMatrixCols=\count96
\dotsspace@=\muskip10
\c@parentequation=\count97
\dspbrk@lvl=\count98
\tag@help=\toks15
\row@=\count99
\column@=\count100
\maxfields@=\count101
\andhelp@=\toks16
\eqnshift@=\dimen108
\alignsep@=\dimen109
\tagshift@=\dimen110
\tagwidth@=\dimen111
\totwidth@=\dimen112
\lineht@=\dimen113
\@envbody=\toks17
\multlinegap=\skip47
\multlinetaggap=\skip48
\mathdisplay@stack=\toks18
LaTeX Info: Redefining \[ on input line 2666.
LaTeX Info: Redefining \] on input line 2667.
)
("C:\Program Files (x86)\MiKTeX 2.9\tex\latex\graphics\keyval.sty"
Package: keyval 1999/03/16 v1.13 key=value parser (DPC)
\KV@toks@=\toks19
)
("C:\Program Files (x86)\MiKTeX 2.9\tex\latex\graphics\graphics.sty"
Package: graphics 2009/02/05 v1.0o Standard LaTeX Graphics (DPC,SPQR)

("C:\Program Files (x86)\MiKTeX 2.9\tex\latex\graphics\trig.sty"
Package: trig 1999/03/16 v1.09 sin cos tan (DPC)
)
("C:\Program Files (x86)\MiKTeX 2.9\tex\latex\00miktex\graphics.cfg"
File: graphics.cfg 2007/01/18 v1.5 graphics configuration of teTeX/TeXLive
)
Package graphics Info: Driver file: pdftex.def on input line 91.

("C:\Program Files (x86)\MiKTeX 2.9\tex\latex\pdftex-def\pdftex.def"
File: pdftex.def 2010/11/26 v0.05c Graphics/color for pdfTeX
\Gread@gobject=\count102
))
("C:\Program Files (x86)\MiKTeX 2.9\tex\generic\oberdiek\pdftexcmds.sty"
Package: pdftexcmds 2010/04/01 v0.9 Utility functions of pdfTeX for LuaTeX (HO)


("C:\Program Files (x86)\MiKTeX 2.9\tex\generic\oberdiek\infwarerr.sty"
Package: infwarerr 2010/04/08 v1.3 Providing info/warning/message (HO)
)
("C:\Program Files (x86)\MiKTeX 2.9\tex\generic\oberdiek\ifluatex.sty"
Package: ifluatex 2010/03/01 v1.3 Provides the ifluatex switch (HO)
Package ifluatex Info: LuaTeX not detected.
)
("C:\Program Files (x86)\MiKTeX 2.9\tex\generic\oberdiek\ltxcmds.sty"
Package: ltxcmds 2010/04/26 v1.7 LaTeX kernel commands for general use (HO)
)
Package pdftexcmds Info: LuaTeX not detected.
Package pdftexcmds Info: \pdf@primitive is available.
Package pdftexcmds Info: \pdf@ifprimitive is available.
)
\mhchem@ce@result=\toks20
\mhchem@ce@part=\toks21
\mhchem@arrow@deployType=\toks22
\mhchem@arrow@params=\toks23
\mhchem@arrowlength@pgf=\skip49
\mhchem@bondwidth=\skip50
\mhchem@bondheight=\skip51
\mhchem@smallbondwidth@tmpA=\skip52
\mhchem@smallbondwidth@tmpB=\skip53
\mhchem@smallbondwidth=\skip54
\mhchem@cf@result=\toks24
\mhchem@cf@element=\toks25
\mhchem@cf@amount=\toks26
\mhchem@cf@sup=\toks27
\mhchem@cf@presub=\toks28
\mhchem@cf@presup=\toks29
\mhchem@cf@replaceMath@result=\toks30
\mhchem@cf@replaceMathMinusDot@result=\toks31
\mhchem@prepostscript@tmp@i=\skip55
\mhchem@prepostscript@tmp@ii=\skip56
\mhchem@mathbox@tmp@i=\skip57
\mhchem@mathbox@tmp@ii=\skip58
\mhchem@minispace@tmp=\skip59
\mhchem@option@minussidebearingleft=\skip60
\mhchem@option@minussidebearingright=\skip61


Package mhchem Warning: You did not specify a 'version' option for the mhchem
(mhchem)                package. If you are about to create a new document,
(mhchem)                please write \usepackage[version=3]{mhchem} in your
(mhchem)                preamble in order to use the most recent version of
(mhchem)                mhchem.

) ("C:\Program Files (x86)\MiKTeX 2.9\tex\latex\siunitx\siunitx.sty"
("C:\Program Files (x86)\MiKTeX 2.9\tex\latex\expl3\expl3.sty"
("C:\Program Files (x86)\MiKTeX 2.9\tex\latex\expl3\l3names.sty"
Package: l3names 2010/10/03 v2064 L3 Experimental Naming Scheme for TeX Primiti
ves
)
Package: expl3 2010/11/13 v2083 L3 Experimental code bundle wrapper

("C:\Program Files (x86)\MiKTeX 2.9\tex\latex\misc\etex.sty"
Package: etex 1998/03/26 v2.0 eTeX basic definition package (PEB)
\et@xins=\count103
)
("C:\Program Files (x86)\MiKTeX 2.9\tex\latex\expl3\l3basics.sty"
Package: l3basics 2010/10/03 v2063 L3 Experimental basic definitions
)
("C:\Program Files (x86)\MiKTeX 2.9\tex\latex\expl3\l3expan.sty"
Package: l3expan 2010/09/20 v2037 L3 Experimental Argument Expansion module
)
("C:\Program Files (x86)\MiKTeX 2.9\tex\latex\expl3\l3tl.sty"
Package: l3tl 2010/11/17 v2084 L3 Experimental Token Lists
)
("C:\Program Files (x86)\MiKTeX 2.9\tex\latex\expl3\l3int.sty"
Package: l3int 2010/10/17 v2077 L3 Experimental Integer module
\l_tmpa_int=\count104
\l_tmpb_int=\count105
\l_tmpc_int=\count106
\g_tmpa_int=\count107
\g_tmpb_int=\count108
\c_max_int=\count109
\g_tl_inline_level_int=\count110
)
("C:\Program Files (x86)\MiKTeX 2.9\tex\latex\expl3\l3quark.sty"
Package: l3quark 2010/09/20 v2036 L3 Experimental Quark Commands
)
("C:\Program Files (x86)\MiKTeX 2.9\tex\latex\expl3\l3seq.sty"
Package: l3seq 2010/03/29 v1879 L3 Experimental sequences and stacks
)
("C:\Program Files (x86)\MiKTeX 2.9\tex\latex\expl3\l3toks.sty"
Package: l3toks 2010/09/20 v2037 L3 Experimental Token Registers
\l_tmpb_toks=\toks32
\l_tmpc_toks=\toks33
\g_tmpa_toks=\toks34
\g_tmpb_toks=\toks35
\g_tmpc_toks=\toks36
\c_empty_toks=\toks37
\l_tl_replace_toks=\toks38
)
("C:\Program Files (x86)\MiKTeX 2.9\tex\latex\expl3\l3prg.sty"
Package: l3prg 2010/10/03 v2063 L3 Experimental control structures
\g_prg_inline_level_int=\count111
)
("C:\Program Files (x86)\MiKTeX 2.9\tex\latex\expl3\l3clist.sty"
Package: l3clist 2010/10/09 v2071 L3 Experimental comma separated lists
\g_clist_map_inline_int=\count112
)
("C:\Program Files (x86)\MiKTeX 2.9\tex\latex\expl3\l3token.sty"
Package: l3token 2010/10/03 v2063 L3 Experimental token investigation and manip
ulation
)
("C:\Program Files (x86)\MiKTeX 2.9\tex\latex\expl3\l3prop.sty"
Package: l3prop 2010/11/23 v2087 L3 Experimental Property Lists
\g_prop_inline_level_int=\count113
)
("C:\Program Files (x86)\MiKTeX 2.9\tex\latex\expl3\l3msg.sty"
Package: l3msg 2010/10/02 v2052 L3 Experimental LaTeX Messages module
\l_msg_redirect_classes_prop=\toks39
\l_msg_redirect_names_prop=\toks40
\l_msg_redirect_fatal_prop=\toks41
\l_msg_redirect_error_prop=\toks42
\l_msg_redirect_warning_prop=\toks43
\l_msg_redirect_info_prop=\toks44
\l_msg_redirect_log_prop=\toks45
\l_msg_redirect_trace_prop=\toks46
\l_msg_redirect_none_prop=\toks47
)
("C:\Program Files (x86)\MiKTeX 2.9\tex\latex\expl3\l3io.sty"
Package: l3io 2010/10/03 v2063 L3 Experimental i/o module
\g_iow_streams_prop=\toks48
\g_ior_streams_prop=\toks49
\l_iow_stream_int=\count114
)
("C:\Program Files (x86)\MiKTeX 2.9\tex\latex\expl3\l3skip.sty"
Package: l3skip 2010/11/23 v2088 L3 Experimental skip registers
\l_tmpa_skip=\skip62
\l_tmpb_skip=\skip63
\l_tmpc_skip=\skip64
\g_tmpa_skip=\skip65
\g_tmpb_skip=\skip66
\l_tmpa_dim=\dimen114
\l_tmpb_dim=\dimen115
\l_tmpc_dim=\dimen116
\l_tmpd_dim=\dimen117
\g_tmpa_dim=\dimen118
\g_tmpb_dim=\dimen119
)
("C:\Program Files (x86)\MiKTeX 2.9\tex\latex\expl3\l3box.sty"
Package: l3box 2010/09/26 v2048 L3 Experimental Box module
\l_tmpb_box=\box28
)
("C:\Program Files (x86)\MiKTeX 2.9\tex\latex\expl3\l3keyval.sty"
Package: l3keyval 2010/04/11 v1890 L3 Experimental keyval processing
\l_KV_level_int=\count115
)
("C:\Program Files (x86)\MiKTeX 2.9\tex\latex\expl3\l3keys.sty"
Package: l3keys 2010/11/11 v2082 L3 Experimental key-value support
\l_keys_choice_int=\count116
)
("C:\Program Files (x86)\MiKTeX 2.9\tex\latex\expl3\l3precom.sty"
Package: l3precom 2010/02/09 v1793 L3 Experimental precompilation module
\g_gen_sym_int=\count117
\g_ggen_sym_int=\count118
)
("C:\Program Files (x86)\MiKTeX 2.9\tex\latex\expl3\l3xref.sty"
Package: l3xref 2010/02/09 v1786 L3 Experimental cross referencing
\g_xref_all_curr_immediate_fields_prop=\toks50
\g_xref_all_curr_deferred_fields_prop=\toks51
)
("C:\Program Files (x86)\MiKTeX 2.9\tex\latex\expl3\l3file.sty"
Package: l3file 2010/03/21 v1853 L3 Experimental file loading
)
("C:\Program Files (x86)\MiKTeX 2.9\tex\latex\expl3\l3fp.sty"
Package: l3fp 2010/11/25 v2092 L3 Experimental floating-point operations
\c_forty_four=\count119
\c_one_hundred=\count120
\c_one_thousand=\count121
\c_one_million=\count122
\c_one_hundred_million=\count123
\c_five_hundred_million=\count124
\c_one_thousand_million=\count125
\c_fp_pi_by_four_decimal_int=\count126
\c_fp_pi_by_four_extended_int=\count127
\c_fp_pi_decimal_int=\count128
\c_fp_pi_extended_int=\count129
\c_fp_two_pi_decimal_int=\count130
\c_fp_two_pi_extended_int=\count131
\l_fp_count_int=\count132
\l_fp_div_offset_int=\count133
\l_fp_input_a_sign_int=\count134
\l_fp_input_a_integer_int=\count135
\l_fp_input_a_decimal_int=\count136
\l_fp_input_a_exponent_int=\count137
\l_fp_input_b_sign_int=\count138
\l_fp_input_b_integer_int=\count139
\l_fp_input_b_decimal_int=\count140
\l_fp_input_b_exponent_int=\count141
\l_fp_input_a_extended_int=\count142
\l_fp_input_b_extended_int=\count143
\l_fp_mul_a_i_int=\count144
\l_fp_mul_a_ii_int=\count145
\l_fp_mul_a_iii_int=\count146
\l_fp_mul_a_iv_int=\count147
\l_fp_mul_a_v_int=\count148
\l_fp_mul_a_vi_int=\count149
\l_fp_mul_b_i_int=\count150
\l_fp_mul_b_ii_int=\count151
\l_fp_mul_b_iii_int=\count152
\l_fp_mul_b_iv_int=\count153
\l_fp_mul_b_v_int=\count154
\l_fp_mul_b_vi_int=\count155
\l_fp_mul_output_int=\count156
\l_fp_output_sign_int=\count157
\l_fp_output_integer_int=\count158
\l_fp_output_decimal_int=\count159
\l_fp_output_exponent_int=\count160
\l_fp_output_extended_int=\count161
\l_fp_round_position_int=\count162
\l_fp_round_target_int=\count163
\l_fp_split_sign_int=\count164
\l_fp_tmp_int=\count165
\l_fp_trig_octant_int=\count166
\l_fp_trig_sign_int=\count167
\l_fp_trig_decimal_int=\count168
\l_fp_trig_extended_int=\count169
\l_fp_tmp_dim=\dimen120
\l_fp_tmp_skip=\skip67
)
("C:\Program Files (x86)\MiKTeX 2.9\tex\latex\expl3\l3luatex.sty"
Package: l3luatex 2010/07/18 v1985 L3 Experimental LuaTeX functions
\g_cctab_allocate_int=\count170
\g_cctab_stack_int=\count171
))
Package: siunitx 2010/11/24 v2.1f A comprehensive (SI) units package

("C:\Program Files (x86)\MiKTeX 2.9\tex\latex\tools\array.sty"
Package: array 2008/09/09 v2.4c Tabular extension package (FMi)
\col@sep=\dimen121
\extrarowheight=\dimen122
\NC@list=\toks52
\extratabsurround=\skip68
\backup@length=\skip69
)
("C:\Program Files (x86)\MiKTeX 2.9\tex\latex\xpackages\xtras\l3keys2e.sty"
Package: l3keys2e 2010/10/13 v2076 Parsing LaTeX3 keyvals as LaTeX2e package op
tions

("C:\Program Files (x86)\MiKTeX 2.9\tex\latex\xpackages\xbase\xparse.sty"
Package: xparse 2010/10/13 v2073 Generic document command parser
\c_xparse_shorthands_prop=\toks53
\l_xparse_m_args_int=\count172
\l_xparse_mandatory_args_int=\count173
\l_xparse_processor_int=\count174
\l_xparse_total_args_int=\count175
))
\l_siunitx_tmp_box=\box29
\l_siunitx_tmp_int=\count176
\l_siunitx_number_in_prop=\toks54
\l_siunitx_round_int=\count177
\l_siunitx_process_decimal_int=\count178
\l_siunitx_process_uncertainty_int=\count179
\l_siunitx_process_fixed_int=\count180
\l_siunitx_process_precision_int=\count181
\l_siunitx_number_out_prop=\toks55
\l_siunitx_angle_marker_box=\box30
\l_siunitx_angle_unit_box=\box31
\l_siunitx_angle_marker_dim=\dimen123
\l_siunitx_angle_unit_dim=\dimen124
\l_siunitx_angle_degree_prop=\toks56
\l_siunitx_angle_minute_prop=\toks57
\l_siunitx_angle_second_prop=\toks58
\l_siunitx_unit_int=\count182
\l_siunitx_unit_prop=\toks59
\l_siunitx_unit_denominator_int=\count183
\l_siunitx_unit_numerator_int=\count184
\l_siunitx_unit_prefix_int=\count185
\l_siunitx_unit_prefix_base_int=\count186
\l_siunitx_unit_prefix_gram_int=\count187
\l_siunitx_number_product_int=\count188
\c_siunitx_one_fill_skip=\skip70
\c_siunitx_table_correction_skip=\skip71
\l_siunitx_table_unit_align_skip=\skip72
\l_siunitx_table_fill_box=\box32
\l_siunitx_table_fill_dim=\dimen125
\l_siunitx_table_pre_box=\box33
\l_siunitx_table_post_box=\box34
\l_siunitx_table_result_box=\box35
\l_siunitx_table_comparator_dim=\dimen126
\l_siunitx_table_decimal_dim=\dimen127
\l_siunitx_table_exponent_dim=\dimen128
\l_siunitx_table_integer_dim=\dimen129
\l_siunitx_table_mantissa_dim=\dimen130
\l_siunitx_table_marker_dim=\dimen131
\l_siunitx_table_result_dim=\dimen132
\l_siunitx_table_uncert_dim=\dimen133
\l_siunitx_table_gap_dim=\dimen134
\l_siunitx_table_model_prop=\toks60
\l_siunitx_table_space_dim=\dimen135
\l_siunitx_table_number_align_skip=\skip73
\l_siunitx_table_text_align_skip=\skip74
\l_siunitx_table_decimal_int=\count189
\l_siunitx_table_exponent_int=\count190
\l_siunitx_table_integer_int=\count191
\l_siunitx_table_uncert_int=\count192
 LaTeX info: Defining document command \ang
(LaTeX)  with arg. spec. 'o>{\SplitArgument {2}{;}}m' on line 6214.

 LaTeX info: Defining document command \num
(LaTeX)  with arg. spec. 'om' on line 6221.

 LaTeX info: Defining document command \numlist
(LaTeX)  with arg. spec. 'o>{\SplitList {;}}m' on line 6228.

 LaTeX info: Defining document command \numrange
(LaTeX)  with arg. spec. 'omm' on line 6235.

 LaTeX info: Defining document command \si
(LaTeX)  with arg. spec. 'om' on line 6245.

 LaTeX info: Defining document command \SIlist
(LaTeX)  with arg. spec. 'o>{\SplitList {;}}mm' on line 6255.

 LaTeX info: Defining document command \SIrange
(LaTeX)  with arg. spec. 'ommm' on line 6265.

 LaTeX info: Defining document command \SI
(LaTeX)  with arg. spec. 'omom' on line 6275.

 LaTeX info: Defining document command \sisetup
(LaTeX)  with arg. spec. 'm' on line 6278.

 LaTeX info: Defining document command \siunitx_bookmark_num:w
(LaTeX)  with arg. spec. 'om' on line 6314.

 LaTeX info: Defining document command \siunitx_bookmark_numrange:w
(LaTeX)  with arg. spec. 'omm' on line 6316.

 LaTeX info: Defining document command \siunitx_bookmark_si:w
(LaTeX)  with arg. spec. 'om' on line 6317.

 LaTeX info: Defining document command \siunitx_bookmark_SI:w
(LaTeX)  with arg. spec. 'omom' on line 6319.

 LaTeX info: Defining document command \siunitx_bookmark_SIrange:w
(LaTeX)  with arg. spec. 'ommm' on line 6321.

\g_ior_tmp_stream=\read1

("C:\Program Files (x86)\MiKTeX 2.9\tex\latex\beamer\base\translator\translator
.sty"
Package: translator 2010/06/12 ver 1.10

("C:\Program Files (x86)\MiKTeX 2.9\tex\latex\beamer\base\translator\translator
-language-mappings.tex"))) (C:\Users\Aimee\ECA\Labreport\pdfsync.sty
Package: pdfsync 2008/01/26 v1.1
)
("C:\Program Files (x86)\MiKTeX 2.9\tex\generic\babel\babel.sty"
Package: babel 2008/07/06 v3.8l The Babel package

*************************************
* Local config file bblopts.cfg used
*
("C:\Program Files (x86)\MiKTeX 2.9\tex\latex\00miktex\bblopts.cfg"
File: bblopts.cfg 2006/07/31 v1.0 MiKTeX 'babel' configuration
)
("C:\Program Files (x86)\MiKTeX 2.9\tex\generic\babel\dutch.ldf"
Language: dutch 2005/03/30 v3.8i Dutch support from the babel system

("C:\Program Files (x86)\MiKTeX 2.9\tex\generic\babel\babel.def"
File: babel.def 2008/07/06 v3.8l Babel common definitions
\babel@savecnt=\count193
\U@D=\dimen136
)
Package babel Info: Making " an active character on input line 132.
))
(C:\Users\Aimee\ECA\Labreport\fullpage.sty

LaTeX Warning: You have requested package `fullpage',
               but the package provides `microtype'.

Package: microtype 2008/06/04 v2.3b Micro-typography with pdfTeX (RS)
\MT@toks=\toks61
\MT@count=\count194
LaTeX Info: Redefining \lsstyle on input line 1553.
LaTeX Info: Redefining \lslig on input line 1553.
\MT@outer@space=\skip75
LaTeX Info: Redefining \textls on input line 1554.
\MT@outer@kern=\dimen137
LaTeX Info: Redefining \textmicrotypecontext on input line 2094.
Package microtype Info: Loading configuration file microtype.cfg.
("C:\Program Files (x86)\MiKTeX 2.9\tex\latex\microtype\microtype.cfg"
File: microtype.cfg 2010/01/10 v2.4 microtype main configuration file (RS)
))
("C:\Program Files (x86)\MiKTeX 2.9\tex\latex\xcolor\xcolor.sty"
Package: xcolor 2007/01/21 v2.11 LaTeX color extensions (UK)

("C:\Program Files (x86)\MiKTeX 2.9\tex\latex\00miktex\color.cfg"
File: color.cfg 2007/01/18 v1.5 color configuration of teTeX/TeXLive
)
Package xcolor Info: Driver file: pdftex.def on input line 225.

("C:\Program Files (x86)\MiKTeX 2.9\tex\latex\colortbl\colortbl.sty"
Package: colortbl 2001/02/13 v0.1j Color table columns (DPC)
\everycr=\toks62
\minrowclearance=\skip76
)
\rownum=\count195
Package xcolor Info: Model `cmy' substituted by `cmy0' on input line 1337.
Package xcolor Info: Model `hsb' substituted by `rgb' on input line 1341.
Package xcolor Info: Model `RGB' extended on input line 1353.
Package xcolor Info: Model `HTML' substituted by `rgb' on input line 1355.
Package xcolor Info: Model `Hsb' substituted by `hsb' on input line 1356.
Package xcolor Info: Model `tHsb' substituted by `hsb' on input line 1357.
Package xcolor Info: Model `HSB' substituted by `hsb' on input line 1358.
Package xcolor Info: Model `Gray' substituted by `gray' on input line 1359.
Package xcolor Info: Model `wave' substituted by `hsb' on input line 1360.
)
("C:\Program Files (x86)\MiKTeX 2.9\tex\latex\multirow\multirow.sty"
\bigstrutjot=\dimen138
)
("C:\Program Files (x86)\MiKTeX 2.9\tex\latex\graphics\graphicx.sty"
Package: graphicx 1999/02/16 v1.0f Enhanced LaTeX Graphics (DPC,SPQR)
\Gin@req@height=\dimen139
\Gin@req@width=\dimen140
)
(C:\Users\Aimee\ECA\Labreport\circuitikz.sty
Package: circuitikz 2012/12/29 The CircuiTikz circuit drawing package version 0
.3.0

(C:\Users\Aimee\ECA\Labreport\tikz.sty (C:\Users\Aimee\ECA\Labreport\pgf.sty
(C:\Users\Aimee\ECA\Labreport\pgfrcs.sty
("C:\Program Files (x86)\MiKTeX 2.9\tex\generic\pgf\utilities\pgfutil-common.te
x"
\pgfutil@everybye=\toks63
)
("C:\Program Files (x86)\MiKTeX 2.9\tex\generic\pgf\utilities\pgfutil-latex.def
"
\pgfutil@abb=\box36
 ("C:\Program Files (x86)\MiKTeX 2.9\tex\latex\ms\everyshi.sty"
Package: everyshi 2001/05/15 v3.00 EveryShipout Package (MS)
))
("C:\Program Files (x86)\MiKTeX 2.9\tex\generic\pgf\utilities\pgfrcs.code.tex"
Package: pgfrcs 2010/10/25 v2.10 (rcs-revision 1.24)
))
Package: pgf 2008/01/15 v2.10 (rcs-revision 1.12)
 ("C:\Program Files (x86)\MiKTeX 2.9\tex\latex\pgf\basiclayer\pgfcore.sty"
("C:\Program Files (x86)\MiKTeX 2.9\tex\latex\pgf\systemlayer\pgfsys.sty"
("C:\Program Files (x86)\MiKTeX 2.9\tex\generic\pgf\systemlayer\pgfsys.code.tex
"
Package: pgfsys 2010/06/30 v2.10 (rcs-revision 1.37)
 ("C:\Program Files (x86)\MiKTeX 2.9\tex\generic\pgf\utilities\pgfkeys.code.tex
"
\pgfkeys@pathtoks=\toks64
\pgfkeys@temptoks=\toks65

("C:\Program Files (x86)\MiKTeX 2.9\tex\generic\pgf\utilities\pgfkeysfiltered.c
ode.tex"
\pgfkeys@tmptoks=\toks66
))
\pgf@x=\dimen141
\pgf@y=\dimen142
\pgf@xa=\dimen143
\pgf@ya=\dimen144
\pgf@xb=\dimen145
\pgf@yb=\dimen146
\pgf@xc=\dimen147
\pgf@yc=\dimen148
\w@pgf@writea=\write3
\r@pgf@reada=\read2
\c@pgf@counta=\count196
\c@pgf@countb=\count197
\c@pgf@countc=\count198
\c@pgf@countd=\count199

("C:\Program Files (x86)\MiKTeX 2.9\tex\generic\pgf\systemlayer\pgf.cfg"
File: pgf.cfg 2008/05/14  (rcs-revision 1.7)
)
Package pgfsys Info: Driver file for pgf: pgfsys-pdftex.def on input line 900.

("C:\Program Files (x86)\MiKTeX 2.9\tex\generic\pgf\systemlayer\pgfsys-pdftex.d
ef"
File: pgfsys-pdftex.def 2009/05/22  (rcs-revision 1.26)

("C:\Program Files (x86)\MiKTeX 2.9\tex\generic\pgf\systemlayer\pgfsys-common-p
df.def"
File: pgfsys-common-pdf.def 2008/05/19  (rcs-revision 1.10)
)))
("C:\Program Files (x86)\MiKTeX 2.9\tex\generic\pgf\systemlayer\pgfsyssoftpath.
code.tex"
File: pgfsyssoftpath.code.tex 2008/07/18  (rcs-revision 1.7)
\pgfsyssoftpath@smallbuffer@items=\count200
\pgfsyssoftpath@bigbuffer@items=\count201
)
("C:\Program Files (x86)\MiKTeX 2.9\tex\generic\pgf\systemlayer\pgfsysprotocol.
code.tex"
File: pgfsysprotocol.code.tex 2006/10/16  (rcs-revision 1.4)
))
("C:\Program Files (x86)\MiKTeX 2.9\tex\generic\pgf\basiclayer\pgfcore.code.tex
"
Package: pgfcore 2010/04/11 v2.10 (rcs-revision 1.7)
 ("C:\Program Files (x86)\MiKTeX 2.9\tex\generic\pgf\math\pgfmath.code.tex"
("C:\Program Files (x86)\MiKTeX 2.9\tex\generic\pgf\math\pgfmathcalc.code.tex"
("C:\Program Files (x86)\MiKTeX 2.9\tex\generic\pgf\math\pgfmathutil.code.tex")
("C:\Program Files (x86)\MiKTeX 2.9\tex\generic\pgf\math\pgfmathparser.code.tex
"
\pgfmath@dimen=\dimen149
Normal \count register pool exhausted, switching to extended pool.
\pgfmath@count=\count277
\pgfmath@box=\box37
\pgfmath@toks=\toks67
\pgfmath@stack@operand=\toks68
\pgfmath@stack@operation=\toks69
)
("C:\Program Files (x86)\MiKTeX 2.9\tex\generic\pgf\math\pgfmathfunctions.code.
tex"
("C:\Program Files (x86)\MiKTeX 2.9\tex\generic\pgf\math\pgfmathfunctions.basic
.code.tex")
("C:\Program Files (x86)\MiKTeX 2.9\tex\generic\pgf\math\pgfmathfunctions.trigo
nometric.code.tex")
("C:\Program Files (x86)\MiKTeX 2.9\tex\generic\pgf\math\pgfmathfunctions.rando
m.code.tex")
("C:\Program Files (x86)\MiKTeX 2.9\tex\generic\pgf\math\pgfmathfunctions.compa
rison.code.tex")
("C:\Program Files (x86)\MiKTeX 2.9\tex\generic\pgf\math\pgfmathfunctions.base.
code.tex")
("C:\Program Files (x86)\MiKTeX 2.9\tex\generic\pgf\math\pgfmathfunctions.round
.code.tex")
("C:\Program Files (x86)\MiKTeX 2.9\tex\generic\pgf\math\pgfmathfunctions.misc.
code.tex")))
("C:\Program Files (x86)\MiKTeX 2.9\tex\generic\pgf\math\pgfmathfloat.code.tex"
\c@pgfmathroundto@lastzeros=\count278
))
("C:\Program Files (x86)\MiKTeX 2.9\tex\generic\pgf\basiclayer\pgfcorepoints.co
de.tex"
File: pgfcorepoints.code.tex 2010/04/09  (rcs-revision 1.20)
\pgf@picminx=\dimen150
\pgf@picmaxx=\dimen151
\pgf@picminy=\dimen152
\pgf@picmaxy=\dimen153
\pgf@pathminx=\dimen154
\pgf@pathmaxx=\dimen155
\pgf@pathminy=\dimen156
\pgf@pathmaxy=\dimen157
\pgf@xx=\dimen158
\pgf@xy=\dimen159
\pgf@yx=\dimen160
\pgf@yy=\dimen161
\pgf@zx=\dimen162
\pgf@zy=\dimen163
)
("C:\Program Files (x86)\MiKTeX 2.9\tex\generic\pgf\basiclayer\pgfcorepathconst
ruct.code.tex"
File: pgfcorepathconstruct.code.tex 2010/08/03  (rcs-revision 1.24)
\pgf@path@lastx=\dimen164
\pgf@path@lasty=\dimen165
)
("C:\Program Files (x86)\MiKTeX 2.9\tex\generic\pgf\basiclayer\pgfcorepathusage
.code.tex"
File: pgfcorepathusage.code.tex 2008/04/22  (rcs-revision 1.12)
\pgf@shorten@end@additional=\dimen166
\pgf@shorten@start@additional=\dimen167
)
("C:\Program Files (x86)\MiKTeX 2.9\tex\generic\pgf\basiclayer\pgfcorescopes.co
de.tex"
File: pgfcorescopes.code.tex 2010/09/08  (rcs-revision 1.34)
\pgfpic=\box38
\pgf@hbox=\box39
\pgf@layerbox@main=\box40
\pgf@picture@serial@count=\count279
)
("C:\Program Files (x86)\MiKTeX 2.9\tex\generic\pgf\basiclayer\pgfcoregraphicst
ate.code.tex"
File: pgfcoregraphicstate.code.tex 2008/04/22  (rcs-revision 1.9)
\pgflinewidth=\dimen168
)
("C:\Program Files (x86)\MiKTeX 2.9\tex\generic\pgf\basiclayer\pgfcoretransform
ations.code.tex"
File: pgfcoretransformations.code.tex 2009/06/10  (rcs-revision 1.11)
\pgf@pt@x=\dimen169
\pgf@pt@y=\dimen170
\pgf@pt@temp=\dimen171
)
("C:\Program Files (x86)\MiKTeX 2.9\tex\generic\pgf\basiclayer\pgfcorequick.cod
e.tex"
File: pgfcorequick.code.tex 2008/10/09  (rcs-revision 1.3)
)
("C:\Program Files (x86)\MiKTeX 2.9\tex\generic\pgf\basiclayer\pgfcoreobjects.c
ode.tex"
File: pgfcoreobjects.code.tex 2006/10/11  (rcs-revision 1.2)
)
("C:\Program Files (x86)\MiKTeX 2.9\tex\generic\pgf\basiclayer\pgfcorepathproce
ssing.code.tex"
File: pgfcorepathprocessing.code.tex 2008/10/09  (rcs-revision 1.8)
)
("C:\Program Files (x86)\MiKTeX 2.9\tex\generic\pgf\basiclayer\pgfcorearrows.co
de.tex"
File: pgfcorearrows.code.tex 2008/04/23  (rcs-revision 1.11)
)
("C:\Program Files (x86)\MiKTeX 2.9\tex\generic\pgf\basiclayer\pgfcoreshade.cod
e.tex"
File: pgfcoreshade.code.tex 2008/11/23  (rcs-revision 1.13)
\pgf@max=\dimen172
\pgf@sys@shading@range@num=\count280
)
("C:\Program Files (x86)\MiKTeX 2.9\tex\generic\pgf\basiclayer\pgfcoreimage.cod
e.tex"
File: pgfcoreimage.code.tex 2010/03/25  (rcs-revision 1.16)

("C:\Program Files (x86)\MiKTeX 2.9\tex\generic\pgf\basiclayer\pgfcoreexternal.
code.tex"
File: pgfcoreexternal.code.tex 2010/09/01  (rcs-revision 1.17)
\pgfexternal@startupbox=\box41
))
("C:\Program Files (x86)\MiKTeX 2.9\tex\generic\pgf\basiclayer\pgfcorelayers.co
de.tex"
File: pgfcorelayers.code.tex 2010/08/27  (rcs-revision 1.2)
)
("C:\Program Files (x86)\MiKTeX 2.9\tex\generic\pgf\basiclayer\pgfcoretranspare
ncy.code.tex"
File: pgfcoretransparency.code.tex 2008/01/17  (rcs-revision 1.2)
)
("C:\Program Files (x86)\MiKTeX 2.9\tex\generic\pgf\basiclayer\pgfcorepatterns.
code.tex"
File: pgfcorepatterns.code.tex 2009/07/02  (rcs-revision 1.3)
)))
("C:\Program Files (x86)\MiKTeX 2.9\tex\generic\pgf\modules\pgfmoduleshapes.cod
e.tex"
File: pgfmoduleshapes.code.tex 2010/09/09  (rcs-revision 1.13)
\pgfnodeparttextbox=\box42
)
("C:\Program Files (x86)\MiKTeX 2.9\tex\generic\pgf\modules\pgfmoduleplot.code.
tex"
File: pgfmoduleplot.code.tex 2010/10/22  (rcs-revision 1.8)
)
("C:\Program Files (x86)\MiKTeX 2.9\tex\latex\pgf\compatibility\pgfcomp-version
-0-65.sty"
Package: pgfcomp-version-0-65 2007/07/03 v2.10 (rcs-revision 1.7)
\pgf@nodesepstart=\dimen173
\pgf@nodesepend=\dimen174
)
("C:\Program Files (x86)\MiKTeX 2.9\tex\latex\pgf\compatibility\pgfcomp-version
-1-18.sty"
Package: pgfcomp-version-1-18 2007/07/23 v2.10 (rcs-revision 1.1)
))
("C:\Program Files (x86)\MiKTeX 2.9\tex\latex\pgf\utilities\pgffor.sty"
("C:\Program Files (x86)\MiKTeX 2.9\tex\latex\pgf\utilities\pgfkeys.sty"
("C:\Program Files (x86)\MiKTeX 2.9\tex\generic\pgf\utilities\pgfkeys.code.tex"
)) ("C:\Program Files (x86)\MiKTeX 2.9\tex\generic\pgf\utilities\pgffor.code.te
x"
Package: pgffor 2010/03/23 v2.10 (rcs-revision 1.18)
\pgffor@iter=\dimen175
\pgffor@skip=\dimen176
\pgffor@stack=\toks70
\pgffor@toks=\toks71
))
("C:\Program Files (x86)\MiKTeX 2.9\tex\generic\pgf\frontendlayer\tikz\tikz.cod
e.tex"
Package: tikz 2010/10/13 v2.10 (rcs-revision 1.76)

("C:\Program Files (x86)\MiKTeX 2.9\tex\generic\pgf\libraries\pgflibraryplothan
dlers.code.tex"
File: pgflibraryplothandlers.code.tex 2010/05/31 v2.10 (rcs-revision 1.15)
\pgf@plot@mark@count=\count281
\pgfplotmarksize=\dimen177
)
\tikz@lastx=\dimen178
\tikz@lasty=\dimen179
\tikz@lastxsaved=\dimen180
\tikz@lastysaved=\dimen181
\tikzleveldistance=\dimen182
\tikzsiblingdistance=\dimen183
\tikz@figbox=\box43
\tikz@tempbox=\box44
\tikztreelevel=\count282
\tikznumberofchildren=\count283
\tikznumberofcurrentchild=\count284
\tikz@fig@count=\count285

("C:\Program Files (x86)\MiKTeX 2.9\tex\generic\pgf\modules\pgfmodulematrix.cod
e.tex"
File: pgfmodulematrix.code.tex 2010/08/24  (rcs-revision 1.4)
\pgfmatrixcurrentrow=\count286
\pgfmatrixcurrentcolumn=\count287
\pgf@matrix@numberofcolumns=\count288
)
\tikz@expandcount=\count289

("C:\Program Files (x86)\MiKTeX 2.9\tex\generic\pgf\frontendlayer\tikz\librarie
s\tikzlibrarytopaths.code.tex"
File: tikzlibrarytopaths.code.tex 2008/06/17 v2.10 (rcs-revision 1.2)
)))
("C:\Program Files (x86)\MiKTeX 2.9\tex\generic\pgf\frontendlayer\tikz\librarie
s\tikzlibrarycalc.code.tex"
File: tikzlibrarycalc.code.tex 2009/09/04 v2.10 (rcs-revision 1.6)
)
("C:\Program Files (x86)\MiKTeX 2.9\tex\generic\pgf\libraries\decorations\pgfli
brarydecorations.pathmorphing.code.tex"
("C:\Program Files (x86)\MiKTeX 2.9\tex\generic\pgf\modules\pgfmoduledecoration
s.code.tex"
\pgfdecoratedcompleteddistance=\dimen184
\pgfdecoratedremainingdistance=\dimen185
\pgfdecoratedinputsegmentcompleteddistance=\dimen186
\pgfdecoratedinputsegmentremainingdistance=\dimen187
\pgf@decorate@distancetomove=\dimen188
\pgf@decorate@repeatstate=\count290
\pgfdecorationsegmentamplitude=\dimen189
\pgfdecorationsegmentlength=\dimen190
))
("C:\Program Files (x86)\MiKTeX 2.9\tex\generic\pgf\libraries\pgflibraryarrows.
code.tex"
File: pgflibraryarrows.code.tex 2008/10/27 v2.10 (rcs-revision 1.9)
\arrowsize=\dimen191
)
("C:\Program Files (x86)\MiKTeX 2.9\tex\latex\circuitikz\circuitikz.code.tex"
\pgf@circ@Rlen=\dimen192

("C:\Program Files (x86)\MiKTeX 2.9\tex\latex\circuitikz\pgfcircutils.sty")
("C:\Program Files (x86)\MiKTeX 2.9\tex\latex\circuitikz\pgfcircmath.sty")
("C:\Program Files (x86)\MiKTeX 2.9\tex\latex\circuitikz\pgfcircshapes.sty")
("C:\Program Files (x86)\MiKTeX 2.9\tex\latex\circuitikz\pgfcircmonopoles.sty")
("C:\Program Files (x86)\MiKTeX 2.9\tex\latex\circuitikz\pgfcircbipoles.sty")
("C:\Program Files (x86)\MiKTeX 2.9\tex\latex\circuitikz\pgfcirctripoles.sty")
("C:\Program Files (x86)\MiKTeX 2.9\tex\latex\circuitikz\pgfcircquadpoles.sty")
("C:\Program Files (x86)\MiKTeX 2.9\tex\latex\circuitikz\pgfcirclabel.sty")
("C:\Program Files (x86)\MiKTeX 2.9\tex\latex\circuitikz\pgfcircvoltage.sty")
("C:\Program Files (x86)\MiKTeX 2.9\tex\latex\circuitikz\pgfcirccurrent.sty"))

! Package pgfkeys Error: I do not know the key '/tikz/circuitikz/label/align' a
nd I am going to ignore it. Perhaps you misspelled it.

See the pgfkeys package documentation for explanation.
Type  H <return>  for immediate help.
 ...                                              
                                                  
l.196 ...ductors,nosiunitx,noarrowmos,smartlabels}
                                                  
This error message was generated by an \errmessage
command, so I can't give any explicit help.
Pretend that you're Hercule Poirot: Examine all clues,
and deduce the truth by order and method.

("C:\Program Files (x86)\MiKTeX 2.9\tex\latex\circuitikz\circuitikz1.code.tex"
\pgf@circ@res@up=\dimen193
\pgf@circ@res@down=\dimen194
\pgf@circ@res@zero=\dimen195
\pgf@circ@res@left=\dimen196
\pgf@circ@res@right=\dimen197
\pgf@circ@res@other=\dimen198
\pgf@circ@res@step=\dimen199
\pgfstartlinewidth=\dimen200
)) ("C:\Program Files (x86)\MiKTeX 2.9\tex\latex\caption\caption.sty"
Package: caption 2010/01/09 v3.1m Customizing captions (AR)

("C:\Program Files (x86)\MiKTeX 2.9\tex\latex\caption\caption3.sty"
Package: caption3 2010/01/14 v3.1m caption3 kernel (AR)
\captionmargin=\dimen201
Normal \dimen register pool exhausted, switching to extended pool.
\captionmargin@=\dimen256
\captionwidth=\dimen257
\caption@indent=\dimen258
\caption@parindent=\dimen259
\caption@hangindent=\dimen260
)
\c@ContinuedFloat=\count291
)
("C:\Program Files (x86)\MiKTeX 2.9\tex\latex\caption\subcaption.sty"
Package: subcaption 2008/08/31 v1.0b Adding subcaptions (AR)
\c@subfigure=\count292
\c@subtable=\count293
)
("C:\Program Files (x86)\MiKTeX 2.9\tex\latex\float\float.sty"
Package: float 2001/11/08 v1.3d Float enhancements (AL)
\c@float@type=\count294
\float@exts=\toks72
\float@box=\box45
\@float@everytoks=\toks73
\@floatcapt=\box46
)
("C:\Program Files (x86)\MiKTeX 2.9\tex\latex\tools\verbatim.sty"
Package: verbatim 2003/08/22 v1.5q LaTeX2e package for verbatim enhancements
\every@verbatim=\toks74
\verbatim@line=\toks75
\verbatim@in@stream=\read3
)
("C:\Program Files (x86)\MiKTeX 2.9\tex\latex\eso-pic\eso-pic.sty"
Package: eso-pic 2010/10/06 v2.0c eso-pic (RN)

("C:\Program Files (x86)\MiKTeX 2.9\tex\generic\oberdiek\atbegshi.sty"
Package: atbegshi 2010/03/25 v1.12 At begin shipout hook (HO)

("C:\Program Files (x86)\MiKTeX 2.9\tex\generic\oberdiek\ifpdf.sty"
Package: ifpdf 2010/01/28 v2.1 Provides the ifpdf switch (HO)
Package ifpdf Info: pdfTeX in pdf mode detected.
)))
("C:\Program Files (x86)\MiKTeX 2.9\tex\latex\appendix\appendix.sty"
Package: appendix 2009/09/02 v1.2b extra appendix facilities
\c@@pps=\count295
\c@@ppsavesec=\count296
\c@@ppsaveapp=\count297
)
("C:\Program Files (x86)\MiKTeX 2.9\tex\latex\hyperref\hyperref.sty"
Package: hyperref 2010/12/03 v6.81w Hypertext links for LaTeX

("C:\Program Files (x86)\MiKTeX 2.9\tex\generic\oberdiek\kvsetkeys.sty"
Package: kvsetkeys 2010/03/01 v1.9 Key value parser (HO)

("C:\Program Files (x86)\MiKTeX 2.9\tex\generic\oberdiek\etexcmds.sty"
Package: etexcmds 2010/01/28 v1.3 Prefix for e-TeX command names (HO)
Package etexcmds Info: Could not find \expanded.
(etexcmds)             That can mean that you are not using pdfTeX 1.50 or
(etexcmds)             that some package has redefined \expanded.
(etexcmds)             In the latter case, load this package earlier.
))
("C:\Program Files (x86)\MiKTeX 2.9\tex\generic\oberdiek\pdfescape.sty"
Package: pdfescape 2010/03/01 v1.9 Provides hex, PDF name and string conversion
s (HO)
)
("C:\Program Files (x86)\MiKTeX 2.9\tex\generic\oberdiek\ifvtex.sty"
Package: ifvtex 2010/03/01 v1.5 Switches for detecting VTeX and its modes (HO)
Package ifvtex Info: VTeX not detected.
)
("C:\Program Files (x86)\MiKTeX 2.9\tex\generic\ifxetex\ifxetex.sty"
Package: ifxetex 2010/09/12 v0.6 Provides ifxetex conditional
)
("C:\Program Files (x86)\MiKTeX 2.9\tex\latex\oberdiek\hycolor.sty"
Package: hycolor 2009/12/12 v1.6 Color options of hyperref/bookmark (HO)

("C:\Program Files (x86)\MiKTeX 2.9\tex\latex\oberdiek\xcolor-patch.sty"
Package: xcolor-patch 2009/12/12 xcolor patch
))
("C:\Program Files (x86)\MiKTeX 2.9\tex\latex\oberdiek\letltxmacro.sty"
Package: letltxmacro 2008/06/24 v1.3 Let assignment for LaTeX macros (HO)
)
("C:\Program Files (x86)\MiKTeX 2.9\tex\latex\oberdiek\kvoptions.sty"
Package: kvoptions 2010/02/22 v3.7 Keyval support for LaTeX options (HO)
)
\@linkdim=\dimen261
\Hy@linkcounter=\count298
\Hy@pagecounter=\count299

("C:\Program Files (x86)\MiKTeX 2.9\tex\latex\hyperref\pd1enc.def"
File: pd1enc.def 2010/12/03 v6.81w Hyperref: PDFDocEncoding definition (HO)
)
("C:\Program Files (x86)\MiKTeX 2.9\tex\generic\oberdiek\intcalc.sty"
Package: intcalc 2007/09/27 v1.1 Expandable integer calculations (HO)
)
\Hy@SavedSpaceFactor=\count300

("C:\Program Files (x86)\MiKTeX 2.9\tex\latex\00miktex\hyperref.cfg"
File: hyperref.cfg 2002/06/06 v1.2 hyperref configuration of TeXLive
)
Package hyperref Info: Hyper figures OFF on input line 3993.
Package hyperref Info: Link nesting OFF on input line 3998.
Package hyperref Info: Hyper index ON on input line 4001.
Package hyperref Info: Plain pages OFF on input line 4008.
Package hyperref Info: Backreferencing OFF on input line 4013.
Package hyperref Info: Implicit mode ON; LaTeX internals redefined.
Package hyperref Info: Bookmarks ON on input line 4228.
\c@Hy@tempcnt=\count301

("C:\Program Files (x86)\MiKTeX 2.9\tex\latex\ltxmisc\url.sty"
\Urlmuskip=\muskip11
Package: url 2006/04/12  ver 3.3  Verb mode for urls, etc.
)
LaTeX Info: Redefining \url on input line 4581.

("C:\Program Files (x86)\MiKTeX 2.9\tex\generic\oberdiek\bitset.sty"
Package: bitset 2007/09/28 v1.0 Data type bit set (HO)

("C:\Program Files (x86)\MiKTeX 2.9\tex\generic\oberdiek\bigintcalc.sty"
Package: bigintcalc 2007/11/11 v1.1 Expandable big integer calculations (HO)
))
\Fld@menulength=\count302
\Field@Width=\dimen262
\Fld@charsize=\dimen263
Package hyperref Info: Hyper figures OFF on input line 5665.
Package hyperref Info: Link nesting OFF on input line 5670.
Package hyperref Info: Hyper index ON on input line 5673.
Package hyperref Info: backreferencing OFF on input line 5680.
Package hyperref Info: Link coloring OFF on input line 5685.
Package hyperref Info: Link coloring with OCG OFF on input line 5690.
Package hyperref Info: PDF/A mode OFF on input line 5695.
LaTeX Info: Redefining \ref on input line 5735.
LaTeX Info: Redefining \pageref on input line 5739.
\Hy@abspage=\count303
\c@Item=\count304
\c@Hfootnote=\count305
)

Package hyperref Message: Driver (autodetected): hpdftex.

("C:\Program Files (x86)\MiKTeX 2.9\tex\latex\hyperref\hpdftex.def"
File: hpdftex.def 2010/12/03 v6.81w Hyperref driver for pdfTeX

("C:\Program Files (x86)\MiKTeX 2.9\tex\latex\oberdiek\atveryend.sty"
Package: atveryend 2010/03/24 v1.5 Hooks at very end of document (HO)
Package atveryend Info: \enddocument detected (standard).
)
\Fld@listcount=\count306
\c@bookmark@seq@number=\count307

("C:\Program Files (x86)\MiKTeX 2.9\tex\latex\oberdiek\rerunfilecheck.sty"
Package: rerunfilecheck 2010/03/16 v1.6 Rerun checks for auxiliary files (HO)

("C:\Program Files (x86)\MiKTeX 2.9\tex\generic\oberdiek\uniquecounter.sty"
Package: uniquecounter 2009/12/18 v1.1 Provides unlimited unique counter (HO)
)
Package uniquecounter Info: New unique counter `rerunfilecheck' on input line 2
71.
)
\Hy@SectionHShift=\skip77
)
("C:\Program Files (x86)\MiKTeX 2.9\tex\latex\hyperref\nameref.sty"
Package: nameref 2010/04/30 v2.40 Cross-referencing by name of section

("C:\Program Files (x86)\MiKTeX 2.9\tex\latex\oberdiek\refcount.sty"
Package: refcount 2008/08/11 v3.1 Data extraction from references (HO)
)
("C:\Program Files (x86)\MiKTeX 2.9\tex\generic\oberdiek\gettitlestring.sty"
Package: gettitlestring 2009/12/18 v1.3 Cleanup title references (HO)
)
\c@section@level=\count308
)
("C:\Program Files (x86)\MiKTeX 2.9\tex\latex\listings\listings.sty"
\lst@mode=\count309
\lst@gtempboxa=\box47
\lst@token=\toks76
\lst@length=\count310
\lst@currlwidth=\dimen264
\lst@column=\count311
\lst@pos=\count312
\lst@lostspace=\dimen265
\lst@width=\dimen266
\lst@newlines=\count313
\lst@lineno=\count314
\lst@maxwidth=\dimen267

("C:\Program Files (x86)\MiKTeX 2.9\tex\latex\listings\lstmisc.sty"
File: lstmisc.sty 2007/02/22 1.4 (Carsten Heinz)
\c@lstnumber=\count315
\lst@skipnumbers=\count316
\lst@framebox=\box48
)
("C:\Program Files (x86)\MiKTeX 2.9\tex\latex\listings\listings.cfg"
File: listings.cfg 2007/02/22 1.4 listings configuration
))
Package: listings 2007/02/22 1.4 (Carsten Heinz)

(C:\Users\Aimee\ECA\Labreport\mcode.sty
-- Package: `mcode' 2.3 <2012/08/31> --
Package: mcode 2012/08/31 2.3
 - settings optimized for display (colour formating)
("C:\Program Files (x86)\MiKTeX 2.9\tex\latex\base\textcomp.sty"
Package: textcomp 2005/09/27 v1.99g Standard LaTeX package
Package textcomp Info: Sub-encoding information:
(textcomp)               5 = only ISO-Adobe without \textcurrency
(textcomp)               4 = 5 + \texteuro
(textcomp)               3 = 4 + \textohm
(textcomp)               2 = 3 + \textestimated + \textcurrency
(textcomp)               1 = TS1 - \textcircled - \t
(textcomp)               0 = TS1 (full)
(textcomp)             Font families with sub-encoding setting implement
(textcomp)             only a restricted character set as indicated.
(textcomp)             Family '?' is the default used for unknown fonts.
(textcomp)             See the documentation for details.
Package textcomp Info: Setting ? sub-encoding to TS1/1 on input line 71.

("C:\Program Files (x86)\MiKTeX 2.9\tex\latex\base\ts1enc.def"
File: ts1enc.def 2001/06/05 v3.0e (jk/car/fm) Standard LaTeX file
)
LaTeX Info: Redefining \oldstylenums on input line 266.
Package textcomp Info: Setting cmr sub-encoding to TS1/0 on input line 281.
Package textcomp Info: Setting cmss sub-encoding to TS1/0 on input line 282.
Package textcomp Info: Setting cmtt sub-encoding to TS1/0 on input line 283.
Package textcomp Info: Setting cmvtt sub-encoding to TS1/0 on input line 284.
Package textcomp Info: Setting cmbr sub-encoding to TS1/0 on input line 285.
Package textcomp Info: Setting cmtl sub-encoding to TS1/0 on input line 286.
Package textcomp Info: Setting ccr sub-encoding to TS1/0 on input line 287.
Package textcomp Info: Setting ptm sub-encoding to TS1/4 on input line 288.
Package textcomp Info: Setting pcr sub-encoding to TS1/4 on input line 289.
Package textcomp Info: Setting phv sub-encoding to TS1/4 on input line 290.
Package textcomp Info: Setting ppl sub-encoding to TS1/3 on input line 291.
Package textcomp Info: Setting pag sub-encoding to TS1/4 on input line 292.
Package textcomp Info: Setting pbk sub-encoding to TS1/4 on input line 293.
Package textcomp Info: Setting pnc sub-encoding to TS1/4 on input line 294.
Package textcomp Info: Setting pzc sub-encoding to TS1/4 on input line 295.
Package textcomp Info: Setting bch sub-encoding to TS1/4 on input line 296.
Package textcomp Info: Setting put sub-encoding to TS1/5 on input line 297.
Package textcomp Info: Setting uag sub-encoding to TS1/5 on input line 298.
Package textcomp Info: Setting ugq sub-encoding to TS1/5 on input line 299.
Package textcomp Info: Setting ul8 sub-encoding to TS1/4 on input line 300.
Package textcomp Info: Setting ul9 sub-encoding to TS1/4 on input line 301.
Package textcomp Info: Setting augie sub-encoding to TS1/5 on input line 302.
Package textcomp Info: Setting dayrom sub-encoding to TS1/3 on input line 303.
Package textcomp Info: Setting dayroms sub-encoding to TS1/3 on input line 304.

Package textcomp Info: Setting pxr sub-encoding to TS1/0 on input line 305.
Package textcomp Info: Setting pxss sub-encoding to TS1/0 on input line 306.
Package textcomp Info: Setting pxtt sub-encoding to TS1/0 on input line 307.
Package textcomp Info: Setting txr sub-encoding to TS1/0 on input line 308.
Package textcomp Info: Setting txss sub-encoding to TS1/0 on input line 309.
Package textcomp Info: Setting txtt sub-encoding to TS1/0 on input line 310.
Package textcomp Info: Setting futs sub-encoding to TS1/4 on input line 311.
Package textcomp Info: Setting futx sub-encoding to TS1/4 on input line 312.
Package textcomp Info: Setting futj sub-encoding to TS1/4 on input line 313.
Package textcomp Info: Setting hlh sub-encoding to TS1/3 on input line 314.
Package textcomp Info: Setting hls sub-encoding to TS1/3 on input line 315.
Package textcomp Info: Setting hlst sub-encoding to TS1/3 on input line 316.
Package textcomp Info: Setting hlct sub-encoding to TS1/5 on input line 317.
Package textcomp Info: Setting hlx sub-encoding to TS1/5 on input line 318.
Package textcomp Info: Setting hlce sub-encoding to TS1/5 on input line 319.
Package textcomp Info: Setting hlcn sub-encoding to TS1/5 on input line 320.
Package textcomp Info: Setting hlcw sub-encoding to TS1/5 on input line 321.
Package textcomp Info: Setting hlcf sub-encoding to TS1/5 on input line 322.
Package textcomp Info: Setting pplx sub-encoding to TS1/3 on input line 323.
Package textcomp Info: Setting pplj sub-encoding to TS1/3 on input line 324.
Package textcomp Info: Setting ptmx sub-encoding to TS1/4 on input line 325.
Package textcomp Info: Setting ptmj sub-encoding to TS1/4 on input line 326.
))
No file Report_ECA.aux.
LaTeX Font Info:    Checking defaults for OML/cmm/m/it on input line 41.
LaTeX Font Info:    ... okay on input line 41.
LaTeX Font Info:    Checking defaults for T1/cmr/m/n on input line 41.
LaTeX Font Info:    ... okay on input line 41.
LaTeX Font Info:    Checking defaults for OT1/cmr/m/n on input line 41.
LaTeX Font Info:    ... okay on input line 41.
LaTeX Font Info:    Checking defaults for OMS/cmsy/m/n on input line 41.
LaTeX Font Info:    ... okay on input line 41.
LaTeX Font Info:    Checking defaults for OMX/cmex/m/n on input line 41.
LaTeX Font Info:    ... okay on input line 41.
LaTeX Font Info:    Checking defaults for U/cmr/m/n on input line 41.
LaTeX Font Info:    ... okay on input line 41.
LaTeX Font Info:    Checking defaults for PD1/pdf/m/n on input line 41.
LaTeX Font Info:    ... okay on input line 41.
LaTeX Font Info:    Checking defaults for TS1/cmr/m/n on input line 41.
LaTeX Font Info:    Try loading font information for TS1+cmr on input line 41.
("C:\Program Files (x86)\MiKTeX 2.9\tex\latex\base\ts1cmr.fd"
File: ts1cmr.fd 1999/05/25 v2.5h Standard LaTeX font definitions
)
LaTeX Font Info:    ... okay on input line 41.

("C:\Program Files (x86)\MiKTeX 2.9\tex\context\base\supp-pdf.mkii"
[Loading MPS to PDF converter (version 2006.09.02).]
\scratchcounter=\count317
\scratchdimen=\dimen268
\scratchbox=\box49
\nofMPsegments=\count318
\nofMParguments=\count319
\everyMPshowfont=\toks77
\MPscratchCnt=\count320
\MPscratchDim=\dimen269
\MPnumerator=\count321
\everyMPtoPDFconversion=\toks78
)
("C:\Program Files (x86)\MiKTeX 2.9\tex\latex\beamer\base\translator\dicts\tran
slator-basic-dictionary\translator-basic-dictionary-English.dict"
Dictionary: translator-basic-dictionary, Language: English 
)
Configuring pdfsync
\PDFSYNC@ut=\write4
\PDFSYNCf@li@=\count322
\PDFSYNC@rder=\count323
**** pdfsync.sty: Synchronizing at \everypar
\PDFSYNCeveryp@r=\toks79
**** pdfsync.sty: Synchronizing at \everymath
\PDFSYNCeverym@th=\toks80
**** pdfsync.sty: Synchronizing at \everyhbox
\PDFSYNCeveryhb@x=\toks81
**** pdfsync.sty: Synchronizing at \everyvbox
\PDFSYNCeveryvb@x=\toks82
**** pdfsync.sty: started
LaTeX Info: Redefining \microtypecontext on input line 41.
Package microtype Info: Generating PDF output.
Package microtype Info: Character protrusion enabled (level 2).
Package microtype Info: Using default protrusion set `alltext'.
Package microtype Info: Automatic font expansion enabled (level 2),
(microtype)             stretch: 20, shrink: 20, step: 4, non-selected.
Package microtype Info: Using default expansion set `basictext'.
Package microtype Info: No tracking.
Package microtype Info: No adjustment of interword spacing.
Package microtype Info: No adjustment of character kerning.

("C:\Program Files (x86)\MiKTeX 2.9\tex\latex\microtype\mt-cmr.cfg"
File: mt-cmr.cfg 2009/11/09 v2.0 microtype config. file: Computer Modern Roman 
(RS)
)
ABD: EveryShipout initializing macros
Package caption Info: Begin \AtBeginDocument code.
Package caption Info: float package is loaded.
Package caption Info: hyperref package is loaded.
Package caption Info: listings package is loaded.
Package caption Info: End \AtBeginDocument code.
\AtBeginShipoutBox=\box50
Package hyperref Info: Link coloring OFF on input line 41.
LaTeX Info: Redefining \ref on input line 41.
LaTeX Info: Redefining \pageref on input line 41.
LaTeX Info: Redefining \nameref on input line 41.
\@outlinefile=\write5
\c@lstlisting=\count324
\c_siunitx_mathsf_int=\count325
\c_siunitx_mathtt_int=\count326

(C:\Users\Aimee\ECA\Labreport\Sections/Introduction.tex
LaTeX Font Info:    Try loading font information for OT1+pcr on input line 5.

("C:\Program Files (x86)\MiKTeX 2.9\tex\latex\psnfss\ot1pcr.fd"
File: ot1pcr.fd 2001/06/04 font definitions for OT1/pcr.
)
Overfull \hbox (5.42694pt too wide) in paragraph at lines 5--6
\OT1/cmr/m/n/10 (-20) ware ap-pli-ca-tion, free soft-ware li-brary for en-co-di
ng vi-deo stream into H.236/MPEG-
 []

[1

{C:/ProgramData/MiKTeX/2.9/pdftex/config/pdftex.map}]

LaTeX Warning: Reference `tab:chart' on page 2 undefined on input line 12.

! Extra alignment tab has been changed to \cr.
<recently read> \endtemplate 
                             
l.19 ...(sec)} 	& \bf{Share ($\%$)} & \bf{Calls}	&
                                                   \bf{Kernel name} \\ \clin...
You have given more \span or & marks than there were
in the preamble to the \halign or \valign now in progress.
So I'll assume that you meant to type \cr instead.

! Extra alignment tab has been changed to \cr.
<recently read> \endtemplate 
                             
l.20 ...dream\_32x18\_1.y4m}	&				& 100.00	& 71		&
                                                  	x264\_analyse\_init\_costs\\
You have given more \span or & marks than there were
in the preamble to the \halign or \valign now in progress.
So I'll assume that you meant to type \cr instead.

! Extra alignment tab has been changed to \cr.
<recently read> \endtemplate 
                             
l.21 ...																		&	0.02	& 0.00 		& 1646	&
                                                  	x264\_free\\
You have given more \span or & marks than there were
in the preamble to the \halign or \valign now in progress.
So I'll assume that you meant to type \cr instead.

! Extra alignment tab has been changed to \cr.
<recently read> \endtemplate 
                             
l.22 																						&				& 0.00		& 784		&
                                                	x264\_cabac\_encode\_desici...
You have given more \span or & marks than there were
in the preamble to the \halign or \valign now in progress.
So I'll assume that you meant to type \cr instead.

! Extra alignment tab has been changed to \cr.
<recently read> \endtemplate 
                             
l.23 ...dream\_64x32\_3.y4m} & 			& 66.67		& 71		&
                                                   x264\_analyse\_init\_costs\\
You have given more \span or & marks than there were
in the preamble to the \halign or \valign now in progress.
So I'll assume that you meant to type \cr instead.

! Extra alignment tab has been changed to \cr.
<recently read> \endtemplate 
                             
l.24 ...																		&	0.03	& 33.33 	& 1971	&
                                                  	x264\_pixel\_satd\_4x4\\
You have given more \span or & marks than there were
in the preamble to the \halign or \valign now in progress.
So I'll assume that you meant to type \cr instead.

! Extra alignment tab has been changed to \cr.
<recently read> \endtemplate 
                             
l.25 																						&				& 0.00		& 4830	&
                                                	x264\_pixel\_satd\_8x4\\ \c...
You have given more \span or & marks than there were
in the preamble to the \halign or \valign now in progress.
So I'll assume that you meant to type \cr instead.

! Extra alignment tab has been changed to \cr.
<recently read> \endtemplate 
                             
l.26 ..._640x320\_8.y4m}	& 			& 14.29	& 1599044		&
                                                  	x264\_pixel\_satd\_8x4\\
You have given more \span or & marks than there were
in the preamble to the \halign or \valign now in progress.
So I'll assume that you meant to type \cr instead.

! Extra alignment tab has been changed to \cr.
<recently read> \endtemplate 
                             
l.27 ...																&	1.61	& 11.80 	& 570708	&
                                                  	x264\_get\_ref\\
You have given more \span or & marks than there were
in the preamble to the \halign or \valign now in progress.
So I'll assume that you meant to type \cr instead.

! Extra alignment tab has been changed to \cr.
<recently read> \endtemplate 
                             
l.28 ...																			&				& 4.97		& 38770		&
                                                  	x264\_pixel\_satd\_x4\_16...
You have given more \span or & marks than there were
in the preamble to the \halign or \valign now in progress.
So I'll assume that you meant to type \cr instead.

! Extra alignment tab has been changed to \cr.
<recently read> \endtemplate 
                             
l.29 ...640x320\_32.y4m}& 			& 20.61		& 7228633		&
                                                  	get\_ref\\
You have given more \span or & marks than there were
in the preamble to the \halign or \valign now in progress.
So I'll assume that you meant to type \cr instead.

! Extra alignment tab has been changed to \cr.
<recently read> \endtemplate 
                             
l.30 ...														& 8.54	& 13.23 	& 15386501	&
                                                  	x264\_pixel\_satd\_8x4\\
You have given more \span or & marks than there were
in the preamble to the \halign or \valign now in progress.
So I'll assume that you meant to type \cr instead.

! Extra alignment tab has been changed to \cr.
<recently read> \endtemplate 
                             
l.31 ...																	&				& 4.57		& 1009690		&
                                                  	x264\_pixel\_satd\_x4\_8x...
You have given more \span or & marks than there were
in the preamble to the \halign or \valign now in progress.
So I'll assume that you meant to type \cr instead.

! Extra alignment tab has been changed to \cr.
<recently read> \endtemplate 
                             
l.32 ...640x320\_128.y4m}&			& 17.48		& 21956292	&
                                                  	get\_ref\\
You have given more \span or & marks than there were
in the preamble to the \halign or \valign now in progress.
So I'll assume that you meant to type \cr instead.

! Extra alignment tab has been changed to \cr.
<recently read> \endtemplate 
                             
l.33 ...													&	 29.86& 14.17 	& 49862831	&
                                                  	x264\_pixel\_satd\_8x4\\
You have given more \span or & marks than there were
in the preamble to the \halign or \valign now in progress.
So I'll assume that you meant to type \cr instead.

! Extra alignment tab has been changed to \cr.
<recently read> \endtemplate 
                             
l.34 ...																	&				& 6.56		& 1023315		&
                                                  	x264\_pixel\_satd\_x4\_16...
You have given more \span or & marks than there were
in the preamble to the \halign or \valign now in progress.
So I'll assume that you meant to type \cr instead.

)
Runaway argument?
{The \mcode {pixel_satd_8x4} kernel Given these statistics, we decide\ETC.
! File ended while scanning use of \@xdblarg.
<inserted text> 
                \par 
l.76 \input{Sections/Introduction}
                                  
I suspect you have forgotten a `}', causing me
to read past where you wanted me to stop.
I'll try to recover; but if the error is serious,
you'd better type `E' or `X' now and fix your file.

(C:\Users\Aimee\ECA\Labreport\Sections/Approach.tex

LaTeX Warning: Reference `sec:satd' on page 2 undefined on input line 5.

LaTeX Font Info:    Font shape `OT1/pcr/bx/n' in size <12> not available
(Font)              Font shape `OT1/pcr/b/n' tried instead on input line 13.
LaTeX Font Info:    Font shape `OT1/pcr/bx/n' in size <8> not available
(Font)              Font shape `OT1/pcr/b/n' tried instead on input line 13.
LaTeX Font Info:    Font shape `OT1/pcr/bx/n' in size <9> not available
(Font)              Font shape `OT1/pcr/b/n' tried instead on input line 13.

Package hyperref Warning: Token not allowed in a PDF string (PDFDocEncoding):
(hyperref)                removing `\lstinline' on input line 13.


Overfull \hbox (62.0pt too wide) has occurred while \output is active
[][][][][][] 
 []

[2]

LaTeX Warning: Reference `typedef' on page 3 undefined on input line 21.


Overfull \hbox (109.23146pt too wide) in paragraph at lines 25--34
[][][][] 
 []


Package hyperref Warning: Token not allowed in a PDF string (PDFDocEncoding):
(hyperref)                removing `math shift' on input line 38.


Package hyperref Warning: Token not allowed in a PDF string (PDFDocEncoding):
(hyperref)                removing `\rho' on input line 38.


Package hyperref Warning: Token not allowed in a PDF string (PDFDocEncoding):
(hyperref)                removing `math shift' on input line 38.


Package hyperref Warning: Token not allowed in a PDF string (PDFDocEncoding):
(hyperref)                removing `math shift' on input line 41.


Package hyperref Warning: Token not allowed in a PDF string (PDFDocEncoding):
(hyperref)                removing `\rho' on input line 41.


Package hyperref Warning: Token not allowed in a PDF string (PDFDocEncoding):
(hyperref)                removing `math shift' on input line 41.


LaTeX Warning: Reference `eq:imem' on page 3 undefined on input line 43.


LaTeX Warning: Reference `eq:dmem' on page 3 undefined on input line 43.

<Pictures/imem.png, id=36, 402.90524pt x 157.18726pt>
File: Pictures/imem.png Graphic file (type png)
 <use Pictures/imem.png>
Overfull \hbox (47.062pt too wide) in paragraph at lines 49--50
 [][][][] 
 []

<Pictures/dmem.png, id=37, 446.26724pt x 293.29575pt>
File: Pictures/dmem.png Graphic file (type png)
 <use Pictures/dmem.png>
Overfull \hbox (47.062pt too wide) in paragraph at lines 56--57
 [][][][] 
 []

<Pictures/smem.png, id=38, 462.528pt x 325.81725pt>
File: Pictures/smem.png Graphic file (type png)
 <use Pictures/smem.png>
Overfull \hbox (47.062pt too wide) in paragraph at lines 63--64
 [][][][] 
 []

LaTeX Font Info:    Try loading font information for TS1+pcr on input line 72.
("C:\Program Files (x86)\MiKTeX 2.9\tex\latex\psnfss\ts1pcr.fd"
File: ts1pcr.fd 2001/06/04 font definitions for TS1/pcr.
)

LaTeX Warning: Reference `fig:smem' on page 3 undefined on input line 72.


Overfull \hbox (62.0pt too wide) has occurred while \output is active
[][][][][][] 
 []

[3 <C:/Users/Aimee/ECA/Labreport/Pictures/imem.png (PNG copy)> <C:/Users/Aimee/
ECA/Labreport/Pictures/dmem.png (PNG copy)> <C:/Users/Aimee/ECA/Labreport/Pictu
res/smem.png (PNG copy)>])
(C:\Users\Aimee\ECA\Labreport\Sections/Implementation.tex

LaTeX Warning: Reference `fig:test' on page 4 undefined on input line 13.

<Pictures/testpixels.png, id=48, 397.485pt x 162.6075pt>
File: Pictures/testpixels.png Graphic file (type png)

<use Pictures/testpixels.png>
<Pictures/hextest.png, id=49, 498.663pt x 92.14426pt>
File: Pictures/hextest.png Graphic file (type png)

<use Pictures/hextest.png>

LaTeX Warning: Reference `fig:testhex' on page 4 undefined on input line 38.


Overfull \hbox (62.0pt too wide) has occurred while \output is active
[][][][][][] 
 []

[4]) (C:\Users\Aimee\ECA\Labreport\Appendices/SATD.tex
LaTeX Font Info:    Font shape `OT1/pcr/bx/n' in size <14.4> not available
(Font)              Font shape `OT1/pcr/b/n' tried instead on input line 1.


Package hyperref Warning: Token not allowed in a PDF string (PDFDocEncoding):
(hyperref)                removing `\lstinline' on input line 1.


Package hyperref Warning: Token not allowed in a PDF string (PDFDocEncoding):
(hyperref)                removing `subscript' on input line 1.


Package hyperref Warning: Token not allowed in a PDF string (PDFDocEncoding):
(hyperref)                removing `subscript' on input line 1.


Package hyperref Warning: Token not allowed in a PDF string (PDFDocEncoding):
(hyperref)                removing `\lstinline' on input line 1.


Package hyperref Warning: Token not allowed in a PDF string (PDFDocEncoding):
(hyperref)                removing `subscript' on input line 1.


Package hyperref Warning: Token not allowed in a PDF string (PDFDocEncoding):
(hyperref)                removing `subscript' on input line 1.

Package hyperref Info: bookmark level for unknown lstlisting defaults to 0 on i
nput line 4.
(C:\Users\Aimee\ECA\Labreport\kernel.c
Overfull \hbox (48.604pt too wide) in paragraph at lines 2--3
[][][][][][][][][][][][][][][][][][][][][][][][][][][][][][][][][][][][][][] 
 []

LaTeX Font Info:    Try loading font information for OMS+pcr on input line 18.
("C:\Program Files (x86)\MiKTeX 2.9\tex\latex\psnfss\omspcr.fd"
File: omspcr.fd 
)
LaTeX Font Info:    Font shape `OMS/pcr/m/n' in size <8> not available
(Font)              Font shape `OMS/cmsy/m/n' tried instead on input line 18.

Overfull \hbox (62.0pt too wide) has occurred while \output is active
[][][][][][] 
 []

[5 <C:/Users/Aimee/ECA/Labreport/Pictures/testpixels.png (PNG copy)> <C:/Users/
Aimee/ECA/Labreport/Pictures/hextest.png (PNG copy)>]
LaTeX Font Info:    Try loading font information for OML+pcr on input line 58.

("C:\Program Files (x86)\MiKTeX 2.9\tex\latex\psnfss\omlpcr.fd"
File: omlpcr.fd 
)
LaTeX Font Info:    Font shape `OML/pcr/m/n' in size <8> not available
(Font)              Font shape `OML/cmm/m/it' tried instead on input line 58.

Overfull \hbox (62.0pt too wide) has occurred while \output is active
[][][][][][] 
 []

[6]
Overfull \hbox (43.80396pt too wide) in paragraph at lines 78--79
[][][][][][][][][][][][][][][][][][][][][][][] 
 []


Overfull \hbox (19.80371pt too wide) in paragraph at lines 89--90
[][][][][][][][][][][][][][][][][][][][][][][][][][][][][][][][][][][] 
 []


Overfull \hbox (0.60352pt too wide) in paragraph at lines 90--91
[][][][][][][][][][][][][][][][][][][][][][][][][][][][][][][][][][][] 
 []


Overfull \hbox (144.60498pt too wide) in paragraph at lines 99--100
[][][][][][][][][][][][][][][][][][][][][][][][][][][][][][][][][][][][] 
 []


Overfull \hbox (144.60498pt too wide) in paragraph at lines 100--101
[][][][][][][][][][][][][][][][][][][][][][][][][][][][][][][][][][][][] 
 []


Overfull \hbox (149.40503pt too wide) in paragraph at lines 101--102
[][][][][][][][][][][][][][][][][][][][][][][][][][][][][][][][][][][][] 
 []


Overfull \hbox (149.40503pt too wide) in paragraph at lines 102--103
[][][][][][][][][][][][][][][][][][][][][][][][][][][][][][][][][][][][] 
 []


Overfull \hbox (24.60376pt too wide) in paragraph at lines 103--104
[][][][][][][][][][][][][][][][][][][][][][][][][][][][][][][][][][][][][][] 
 []


Overfull \hbox (39.0039pt too wide) in paragraph at lines 107--108
[][][][][][][][][][][][][][][][][][][][][][][][][][][][][][][][][][][][][][][][
][][] 
 []


Overfull \hbox (39.0039pt too wide) in paragraph at lines 120--121
[][][][][][][][][][][][][][][][][][][][][][][][][][][][][][][][][][][] 
 []


Overfull \hbox (62.0pt too wide) has occurred while \output is active
[][][][][][] 
 []

[7]
Overfull \hbox (39.0039pt too wide) in paragraph at lines 141--142
[][][][][][][][][][][][][][][][][][][][][][][][][][][][][][][][][][][][][][][][
][][] 
 []

))
Package atveryend Info: Empty hook `BeforeClearDocument' on input line 99.

Overfull \hbox (62.0pt too wide) has occurred while \output is active
[][][][][][] 
 []

[8]
Overfull \hbox (62.0pt too wide) has occurred while \output is active
[][][][][][] 
 []

[9]
Package atveryend Info: Empty hook `AfterLastShipout' on input line 99.
 (C:\Users\Aimee\ECA\Labreport\Report_ECA.aux)
Package atveryend Info: Executing hook `AtVeryEndDocument' on input line 99.


Package rerunfilecheck Warning: File `Report_ECA.out' has changed.
(rerunfilecheck)                Rerun to get outlines right
(rerunfilecheck)                or use package `bookmark'.

Package rerunfilecheck Info: Checksums for `Report_ECA.out':
(rerunfilecheck)             Before: <no file>
(rerunfilecheck)             After:  58718B134BD61224D704E8FE8B59BAB7;1095.

LaTeX Warning: There were undefined references.


LaTeX Warning: Label(s) may have changed. Rerun to get cross-references right.

 ) 
Here is how much of TeX's memory you used:
 29038 strings out of 494019
 594082 string characters out of 3143883
 809508 words of memory out of 3000000
 31528 multiletter control sequences out of 15000+200000
 19292 words of font info for 95 fonts, out of 3000000 for 9000
 714 hyphenation exceptions out of 8191
 63i,39n,57p,1960b,1928s stack positions out of 5000i,500n,10000p,200000b,50000s
{C:/Program Files (x86)/MiKTeX 2.9/fonts/enc/dvips/fontname/8r.enc}{C:/Progra
m Files (x86)/MiKTeX 2.9/fonts/enc/dvips/cm-super/cm-super-ts1.enc}<C:/Program 
Files (x86)/MiKTeX 2.9/fonts/type1/public/amsfonts/cm/cmbx10.pfb><C:/Program Fi
les (x86)/MiKTeX 2.9/fonts/type1/public/amsfonts/cm/cmbx12.pfb><C:/Program File
s (x86)/MiKTeX 2.9/fonts/type1/public/amsfonts/cm/cmbx9.pfb><C:/Program Files (
x86)/MiKTeX 2.9/fonts/type1/public/amsfonts/cm/cmcsc10.pfb><C:/Program Files (x
86)/MiKTeX 2.9/fonts/type1/public/amsfonts/cm/cmmi10.pfb><C:/Program Files (x86
)/MiKTeX 2.9/fonts/type1/public/amsfonts/cm/cmmi12.pfb><C:/Program Files (x86)/
MiKTeX 2.9/fonts/type1/public/amsfonts/cm/cmmi8.pfb><C:/Program Files (x86)/MiK
TeX 2.9/fonts/type1/public/amsfonts/cm/cmmi9.pfb><C:/Program Files (x86)/MiKTeX
 2.9/fonts/type1/public/amsfonts/cm/cmr10.pfb><C:/Program Files (x86)/MiKTeX 2.
9/fonts/type1/public/amsfonts/cm/cmr12.pfb><C:/Program Files (x86)/MiKTeX 2.9/f
onts/type1/public/amsfonts/cm/cmr17.pfb><C:/Program Files (x86)/MiKTeX 2.9/font
s/type1/public/amsfonts/cm/cmr9.pfb><C:/Program Files (x86)/MiKTeX 2.9/fonts/ty
pe1/public/amsfonts/cm/cmsy8.pfb><C:/Program Files (x86)/MiKTeX 2.9/fonts/type1
/public/amsfonts/cm/cmsy9.pfb><C:/Program Files (x86)/MiKTeX 2.9/fonts/type1/pu
blic/cm-super/sfrm0900.pfb><C:/Program Files (x86)/MiKTeX 2.9/fonts/type1/publi
c/cm-super/sfrm1000.pfb><C:/Program Files (x86)/MiKTeX 2.9/fonts/type1/urw/cour
ier/ucrb8a.pfb><C:/Program Files (x86)/MiKTeX 2.9/fonts/type1/urw/courier/ucrr8
a.pfb>
Output written on Report_ECA.pdf (9 pages, 341248 bytes).
PDF statistics:
 328 PDF objects out of 1000 (max. 8388607)
 176 named destinations out of 1000 (max. 500000)
 33830 words of extra memory for PDF output out of 35830 (max. 10000000)

